<?xml version="1.0" encoding="UTF-8"?>
<!-- Generated by org.testng.reporters.JUnitReportReporter -->
<testsuite hostname="pch-ee210988" failures="0" tests="1" name="tweek.harpoon.TestTweek" time="0.007" errors="0" timestamp="30 Sep 2019 12:49:48 GMT" skipped="0">
  <testcase classname="tweek.harpoon.TestTweek" name="getName" time="0.007"/>
</testsuite> <!-- tweek.harpoon.TestTweek -->
